{
  "0 debug pnpm:scope": {
    "selected": 1,
    "workspacePrefix": null
  },
  "1 debug pnpm": {
    "isCaseSensitive": false,
    "store": "/Users/roger/.pnpm-store/2"
  },
  "2 debug pnpm:package-manifest": {
    "initial": {
      "name": "tec-resv2",
      "version": "0.0.0",
      "scripts": {
        "ng": "ng",
        "start": "ng serve -o -port=4700",
        "build": "ng build",
        "test": "ng test",
        "lint": "ng lint",
        "e2e": "ng e2e",
        "deploy": "ng build --prod && firebase deploy"
      },
      "private": true,
      "dependencies": {
        "@angular/animations": "~8.2.14",
        "@angular/common": "~8.2.14",
        "@angular/compiler": "~8.2.14",
        "@angular/core": "~8.2.14",
        "@angular/forms": "~8.2.14",
        "@angular/platform-browser": "~8.2.14",
        "@angular/platform-browser-dynamic": "~8.2.14",
        "@angular/router": "~8.2.14",
        "@ngx-formly/schematics": "^5.5.6",
        "bootstrap": "^4.3.1",
        "firebase-tools": "^7.8.1",
        "jquery": "^3.4.1",
        "popper.js": "^1.16.0",
        "rxjs": "~6.4.0",
        "ngx-bootstrap": "^5.2.0",
        "tslib": "^1.10.0",
        "zone.js": "~0.9.1",
        "@ngx-formly/core": "^5.0.0",
        "@ngx-formly/bootstrap": "^5.0.0"
      },
      "devDependencies": {
        "@angular-devkit/build-angular": "~0.803.19",
        "@angular/cli": "~8.3.19",
        "@angular/compiler-cli": "~8.2.14",
        "@angular/language-service": "~8.2.14",
        "@types/node": "~8.9.5",
        "@types/jasmine": "~3.3.16",
        "@types/jasminewd2": "~2.0.3",
        "codelyzer": "^5.2.0",
        "jasmine-core": "~3.4.0",
        "jasmine-spec-reporter": "~4.2.1",
        "karma": "~4.1.0",
        "karma-chrome-launcher": "~2.2.0",
        "karma-coverage-istanbul-reporter": "~2.0.6",
        "karma-jasmine": "~2.0.1",
        "karma-jasmine-html-reporter": "^1.4.0",
        "protractor": "~5.4.0",
        "ts-node": "~7.0.1",
        "tslint": "~5.15.0",
        "typescript": "~3.5.3"
      }
    },
    "prefix": "/Users/roger/Downloads/tecRES2/tecResv2"
  },
  "3 debug pnpm:stage": {
    "prefix": "/Users/roger/Downloads/tecRES2/tecResv2",
    "stage": "resolution_started"
  },
  "4 warn pnpm": {
    "message": "Moving @angular-devkit/build-angular that was installed by a different package manager to \"node_modules/.ignored",
    "prefix": "/Users/roger/Downloads/tecRES2/tecResv2"
  },
  "5 error pnpm": {
    "message": {
      "errno": -66,
      "code": "ENOTEMPTY",
      "syscall": "rename",
      "path": "/Users/roger/Downloads/tecRES2/tecResv2/node_modules/@angular-devkit/build-angular",
      "dest": "/Users/roger/Downloads/tecRES2/tecResv2/node_modules/.ignored/@angular-devkit/build-angular"
    },
    "err": {
      "name": "Error",
      "message": "ENOTEMPTY: directory not empty, rename '/Users/roger/Downloads/tecRES2/tecResv2/node_modules/@angular-devkit/build-angular' -> '/Users/roger/Downloads/tecRES2/tecResv2/node_modules/.ignored/@angular-devkit/build-angular'",
      "code": "ENOTEMPTY",
      "stack": "Error: ENOTEMPTY: directory not empty, rename '/Users/roger/Downloads/tecRES2/tecResv2/node_modules/@angular-devkit/build-angular' -> '/Users/roger/Downloads/tecRES2/tecResv2/node_modules/.ignored/@angular-devkit/build-angular'"
    }
  }
}